0 info it worked if it ends with ok
1 verbose cli [ 'C:\\Program Files\\nodejs\\node.exe',
1 verbose cli   'C:\\Program Files\\nodejs\\node_modules\\npm\\bin\\npm-cli.js',
1 verbose cli   'start' ]
2 info using npm@3.10.10
3 info using node@v6.9.5
4 verbose run-script [ 'prestart', 'start', 'poststart' ]
5 info lifecycle paretoapp@1.0.0~prestart: paretoapp@1.0.0
6 silly lifecycle paretoapp@1.0.0~prestart: no script for prestart, continuing
7 info lifecycle paretoapp@1.0.0~start: paretoapp@1.0.0
8 verbose lifecycle paretoapp@1.0.0~start: unsafe-perm in lifecycle true
9 verbose lifecycle paretoapp@1.0.0~start: PATH: C:\Program Files\nodejs\node_modules\npm\bin\node-gyp-bin;C:\Anandi\pareto\gitcode\Pareto\pareto-ui\node_modules\.bin;C:\Users\anandi.ramanathan\bin;C:\Program Files\Git\mingw64\bin;C:\Program Files\Git\usr\local\bin;C:\Program Files\Git\usr\bin;C:\Program Files\Git\usr\bin;C:\Program Files\Git\mingw64\bin;C:\Program Files\Git\usr\bin;C:\Users\anandi.ramanathan\bin;C:\ProgramData\Oracle\Java\javapath;C:\WINDOWS\system32;C:\WINDOWS;C:\WINDOWS\System32\Wbem;C:\WINDOWS\System32\WindowsPowerShell\v1.0;C:\Program Files\Java\jdk1.8.0_121\bin;C:\Program Files\nodejs;C:\Program Files\Git\cmd;C:\ProgramData\Anaconda2\Library\bin;C:\Anandi\softwares\apache-maven-3.3.9\bin;C:\Program Files\Java\jdk1.8.0_121\bin;C:\Anandi\softwares\tomcat\apache-tomcat-9.0.0.M21\bin;C:\Windows\Microsoft.NET\Framework64\v4.0.30319;C:\Users\anandi.ramanathan\AppData\Local\Programs\Python\Python36;C:\Program Files\PuTTY;C:\Program Files\Amazon\AWSCLI;C:\Users\anandi.ramanathan\AppData\Roaming\npm;C:\Program Files (x86)\Microsoft VS Code\bin;%USERPROFILE%\AppData\Local\Microsoft\WindowsApps;C:\Program Files\Git\usr\bin\vendor_perl;C:\Program Files\Git\usr\bin\core_perl
10 verbose lifecycle paretoapp@1.0.0~start: CWD: C:\Anandi\pareto\gitcode\Pareto\pareto-ui
11 silly lifecycle paretoapp@1.0.0~start: Args: [ '/d /s /c', 'concurrently "npm run tsc:w" "npm run lite" ' ]
12 silly lifecycle paretoapp@1.0.0~start: Returned: code: 1  signal: null
13 info lifecycle paretoapp@1.0.0~start: Failed to exec start script
14 verbose stack Error: paretoapp@1.0.0 start: `concurrently "npm run tsc:w" "npm run lite" `
14 verbose stack Exit status 1
14 verbose stack     at EventEmitter.<anonymous> (C:\Program Files\nodejs\node_modules\npm\lib\utils\lifecycle.js:255:16)
14 verbose stack     at emitTwo (events.js:106:13)
14 verbose stack     at EventEmitter.emit (events.js:191:7)
14 verbose stack     at ChildProcess.<anonymous> (C:\Program Files\nodejs\node_modules\npm\lib\utils\spawn.js:40:14)
14 verbose stack     at emitTwo (events.js:106:13)
14 verbose stack     at ChildProcess.emit (events.js:191:7)
14 verbose stack     at maybeClose (internal/child_process.js:877:16)
14 verbose stack     at Process.ChildProcess._handle.onexit (internal/child_process.js:226:5)
15 verbose pkgid paretoapp@1.0.0
16 verbose cwd C:\Anandi\pareto\gitcode\Pareto\pareto-ui
17 error Windows_NT 10.0.14393
18 error argv "C:\\Program Files\\nodejs\\node.exe" "C:\\Program Files\\nodejs\\node_modules\\npm\\bin\\npm-cli.js" "start"
19 error node v6.9.5
20 error npm  v3.10.10
21 error code ELIFECYCLE
22 error paretoapp@1.0.0 start: `concurrently "npm run tsc:w" "npm run lite" `
22 error Exit status 1
23 error Failed at the paretoapp@1.0.0 start script 'concurrently "npm run tsc:w" "npm run lite" '.
23 error Make sure you have the latest version of node.js and npm installed.
23 error If you do, this is most likely a problem with the paretoapp package,
23 error not with npm itself.
23 error Tell the author that this fails on your system:
23 error     concurrently "npm run tsc:w" "npm run lite"
23 error You can get information on how to open an issue for this project with:
23 error     npm bugs paretoapp
23 error Or if that isn't available, you can get their info via:
23 error     npm owner ls paretoapp
23 error There is likely additional logging output above.
24 verbose exit [ 1, true ]
